<?xml version="1.0" encoding="UTF-8"?>
<!-- Generated by org.testng.reporters.JUnitReportReporter -->
<testsuite skipped="0" hostname="DESKTOP-VD74DVK" name="com.api.testScript.FetchAllCountry" tests="1" failures="0" timestamp="2020-04-13T10:40:38 IST" time="14.577" errors="0">
  <testcase name="getCountryDetails" time="14.577" classname="com.api.testScript.FetchAllCountry"/>
</testsuite> <!-- com.api.testScript.FetchAllCountry -->
